J00162+198W
J01019+541
J01033+623
J01056+284
J01352-072
J02002+130
J02088+494
J02519+224
J03473-019
J04167-120
J04198+425
J04472+206
J04588+498
J05019+011
J05062+046
J05084-210
J05337+019
J05365+113
J05394+406
J05532+242
J06000+027
J06318+414
J06396-210
J06574+740
J07001-190
J07033+346
J07361-031
J07446+035
J07472+503
J07558+833
J08298+267
J08409-234
J08413+594
J08536-034
J09003+218
J09033+056
J09140+196
J09161+018
J09439+269
J09449-123
J10182-204
J10196+198
J10354+694
J10360+051
J10504+331
J10584-107
J11026+219
J11201-104
J11417+427
J11421+267
J11474+667
J11476+002
J12156+526
J12189+111
J13005+056
J13536+776
J13591-198
J14155+046
J14173+454
J14321+081
J15194-077
J15218+209
J15305+094
J15412+759
J15474-108
J15499+796
J16313+408
J16555-083
J16570-043
J16578+473
J17338+169
J17364+683
J18022+642
J18131+260
J18174+483
J18189+661
J18356+329
J18498-238
J19169+051S
J19255+096
J19422-207
J19511+464
J20093-012
J20198+229
J20451-313
J20556-140N
J21221+229
J22012+283
J22096-046
J22468+443
J22518+317
J22532-142
J23064-050
J23113+085
J23548+385
J23556-061
J23585+076
